Flow report for AUDIO_FINAL
Thu Apr 19 16:19:30 2018
Quartus II Version 10.0 Build 218 06/27/2010 SJ Web Edition


---------------------
; Table of Contents ;
---------------------
  1. Legal Notice
  2. Flow Summary
  3. Flow Settings
  4. Flow Non-Default Global Settings
  5. Flow Elapsed Time
  6. Flow OS Summary
  7. Flow Log



----------------
; Legal Notice ;
----------------
Copyright (C) 1991-2010 Altera Corporation
Your use of Altera Corporation's design tools, logic functions 
and other software and tools, and its AMPP partner logic 
functions, and any output files from any of the foregoing 
(including device programming or simulation files), and any 
associated documentation or information are expressly subject 
to the terms and conditions of the Altera Program License 
Subscription Agreement, Altera MegaCore Function License 
Agreement, or other applicable license agreement, including, 
without limitation, that your use is for the sole purpose of 
programming logic devices manufactured by Altera and sold by 
Altera or its authorized distributors.  Please refer to the 
applicable agreement for further details.



+-------------------------------------------------------------------------------+
; Flow Summary                                                                  ;
+------------------------------------+------------------------------------------+
; Flow Status                        ; Successful - Thu Apr 19 16:19:30 2018    ;
; Quartus II Version                 ; 10.0 Build 218 06/27/2010 SJ Web Edition ;
; Revision Name                      ; AUDIO_FINAL                              ;
; Top-level Entity Name              ; AUDIO_FINAL                              ;
; Family                             ; Cyclone IV E                             ;
; Device                             ; EP4CE115F29C7                            ;
; Timing Models                      ; Final                                    ;
; Met timing requirements            ; N/A                                      ;
; Total logic elements               ; 104 / 114,480 ( < 1 % )                  ;
;     Total combinational functions  ; 94 / 114,480 ( < 1 % )                   ;
;     Dedicated logic registers      ; 63 / 114,480 ( < 1 % )                   ;
; Total registers                    ; 63                                       ;
; Total pins                         ; 15 / 529 ( 3 % )                         ;
; Total virtual pins                 ; 0                                        ;
; Total memory bits                  ; 0 / 3,981,312 ( 0 % )                    ;
; Embedded Multiplier 9-bit elements ; 0 / 532 ( 0 % )                          ;
; Total PLLs                         ; 0 / 4 ( 0 % )                            ;
+------------------------------------+------------------------------------------+


+-----------------------------------------+
; Flow Settings                           ;
+-------------------+---------------------+
; Option            ; Setting             ;
+-------------------+---------------------+
; Start date & time ; 04/19/2018 16:17:38 ;
; Main task         ; Compilation         ;
; Revision Name     ; AUDIO_FINAL         ;
+-------------------+---------------------+


+-------------------------------------------------------------------------------------------------------------------------------------------------------------+
; Flow Non-Default Global Settings                                                                                                                            ;
+-------------------------------------+------------------------------------------------------------------------+---------------+-------------+----------------+
; Assignment Name                     ; Value                                                                  ; Default Value ; Entity Name ; Section Id     ;
+-------------------------------------+------------------------------------------------------------------------+---------------+-------------+----------------+
; COMPILER_SIGNATURE_ID               ; 233916164913102.152413485705896                                        ; --            ; --          ; --             ;
; EDA_OUTPUT_DATA_FORMAT              ; Verilog Hdl                                                            ; --            ; --          ; eda_simulation ;
; EDA_SIMULATION_TOOL                 ; ModelSim-Altera (Verilog)                                              ; <None>        ; --          ; --             ;
; MAX_CORE_JUNCTION_TEMP              ; 85                                                                     ; --            ; --          ; --             ;
; MIN_CORE_JUNCTION_TEMP              ; 0                                                                      ; --            ; --          ; --             ;
; MISC_FILE                           ; C:/Users/Dell.VLSI-PC/Desktop/mini_project/AUDIO_FINAL/AUDIO_FINAL.dpf ; --            ; --          ; --             ;
; PARTITION_COLOR                     ; 16764057                                                               ; --            ; --          ; Top            ;
; PARTITION_FITTER_PRESERVATION_LEVEL ; PLACEMENT_AND_ROUTING                                                  ; --            ; --          ; Top            ;
; PARTITION_NETLIST_TYPE              ; SOURCE                                                                 ; --            ; --          ; Top            ;
+-------------------------------------+------------------------------------------------------------------------+---------------+-------------+----------------+


+-------------------------------------------------------------------------------------------------------------------------------+
; Flow Elapsed Time                                                                                                             ;
+---------------------------+--------------+-------------------------+---------------------+------------------------------------+
; Module Name               ; Elapsed Time ; Average Processors Used ; Peak Virtual Memory ; Total CPU Time (on all processors) ;
+---------------------------+--------------+-------------------------+---------------------+------------------------------------+
; Analysis & Synthesis      ; 00:00:07     ; 1.0                     ; 249 MB              ; 00:00:03                           ;
; Fitter                    ; 00:00:36     ; 1.0                     ; 436 MB              ; 00:00:31                           ;
; Assembler                 ; 00:00:34     ; 1.0                     ; 461 MB              ; 00:00:13                           ;
; TimeQuest Timing Analyzer ; 00:00:38     ; 1.0                     ; 311 MB              ; 00:00:07                           ;
; EDA Netlist Writer        ; 00:00:07     ; 1.0                     ; 214 MB              ; 00:00:02                           ;
; Total                     ; 00:02:02     ; --                      ; --                  ; 00:00:56                           ;
+---------------------------+--------------+-------------------------+---------------------+------------------------------------+


+--------------------------------------------------------------------------------------------+
; Flow OS Summary                                                                            ;
+---------------------------+------------------+---------------+------------+----------------+
; Module Name               ; Machine Hostname ; OS Name       ; OS Version ; Processor type ;
+---------------------------+------------------+---------------+------------+----------------+
; Analysis & Synthesis      ; VLSI-PC          ; Windows Vista ; 6.1        ; x86_64         ;
; Fitter                    ; VLSI-PC          ; Windows Vista ; 6.1        ; x86_64         ;
; Assembler                 ; VLSI-PC          ; Windows Vista ; 6.1        ; x86_64         ;
; TimeQuest Timing Analyzer ; VLSI-PC          ; Windows Vista ; 6.1        ; x86_64         ;
; EDA Netlist Writer        ; VLSI-PC          ; Windows Vista ; 6.1        ; x86_64         ;
+---------------------------+------------------+---------------+------------+----------------+


------------
; Flow Log ;
------------
quartus_map --read_settings_files=on --write_settings_files=off AUDIO_FINAL -c AUDIO_FINAL
quartus_fit --read_settings_files=off --write_settings_files=off AUDIO_FINAL -c AUDIO_FINAL
quartus_asm --read_settings_files=off --write_settings_files=off AUDIO_FINAL -c AUDIO_FINAL
quartus_sta AUDIO_FINAL -c AUDIO_FINAL
quartus_eda --read_settings_files=off --write_settings_files=off AUDIO_FINAL -c AUDIO_FINAL



