Analysis & Synthesis report for AUDIO_FINAL
Thu Apr 19 16:17:46 2018
Quartus II Version 10.0 Build 218 06/27/2010 SJ Web Edition


---------------------
; Table of Contents ;
---------------------
  1. Legal Notice
  2. Analysis & Synthesis Summary
  3. Analysis & Synthesis Settings
  4. Parallel Compilation
  5. Analysis & Synthesis Source Files Read
  6. Analysis & Synthesis Resource Usage Summary
  7. Analysis & Synthesis Resource Utilization by Entity
  8. Registers Removed During Synthesis
  9. General Register Statistics
 10. Inverted Register Statistics
 11. Multiplexer Restructuring Statistics (Restructuring Performed)
 12. Analysis & Synthesis Messages



----------------
; Legal Notice ;
----------------
Copyright (C) 1991-2010 Altera Corporation
Your use of Altera Corporation's design tools, logic functions 
and other software and tools, and its AMPP partner logic 
functions, and any output files from any of the foregoing 
(including device programming or simulation files), and any 
associated documentation or information are expressly subject 
to the terms and conditions of the Altera Program License 
Subscription Agreement, Altera MegaCore Function License 
Agreement, or other applicable license agreement, including, 
without limitation, that your use is for the sole purpose of 
programming logic devices manufactured by Altera and sold by 
Altera or its authorized distributors.  Please refer to the 
applicable agreement for further details.



+-------------------------------------------------------------------------------+
; Analysis & Synthesis Summary                                                  ;
+------------------------------------+------------------------------------------+
; Analysis & Synthesis Status        ; Successful - Thu Apr 19 16:17:46 2018    ;
; Quartus II Version                 ; 10.0 Build 218 06/27/2010 SJ Web Edition ;
; Revision Name                      ; AUDIO_FINAL                              ;
; Top-level Entity Name              ; AUDIO_FINAL                              ;
; Family                             ; Cyclone IV E                             ;
; Total logic elements               ; 101                                      ;
;     Total combinational functions  ; 94                                       ;
;     Dedicated logic registers      ; 63                                       ;
; Total registers                    ; 63                                       ;
; Total pins                         ; 15                                       ;
; Total virtual pins                 ; 0                                        ;
; Total memory bits                  ; 0                                        ;
; Embedded Multiplier 9-bit elements ; 0                                        ;
; Total PLLs                         ; 0                                        ;
+------------------------------------+------------------------------------------+


+----------------------------------------------------------------------------------------------------------------------+
; Analysis & Synthesis Settings                                                                                        ;
+----------------------------------------------------------------------------+--------------------+--------------------+
; Option                                                                     ; Setting            ; Default Value      ;
+----------------------------------------------------------------------------+--------------------+--------------------+
; Device                                                                     ; EP4CE115F29C7      ;                    ;
; Top-level entity name                                                      ; AUDIO_FINAL        ; AUDIO_FINAL        ;
; Family name                                                                ; Cyclone IV E       ; Stratix II         ;
; Use smart compilation                                                      ; Off                ; Off                ;
; Enable parallel Assembler and TimeQuest Timing Analyzer during compilation ; On                 ; On                 ;
; Enable compact report table                                                ; Off                ; Off                ;
; Restructure Multiplexers                                                   ; Auto               ; Auto               ;
; Create Debugging Nodes for IP Cores                                        ; Off                ; Off                ;
; Preserve fewer node names                                                  ; On                 ; On                 ;
; Disable OpenCore Plus hardware evaluation                                  ; Off                ; Off                ;
; Verilog Version                                                            ; Verilog_2001       ; Verilog_2001       ;
; VHDL Version                                                               ; VHDL_1993          ; VHDL_1993          ;
; State Machine Processing                                                   ; Auto               ; Auto               ;
; Safe State Machine                                                         ; Off                ; Off                ;
; Extract Verilog State Machines                                             ; On                 ; On                 ;
; Extract VHDL State Machines                                                ; On                 ; On                 ;
; Ignore Verilog initial constructs                                          ; Off                ; Off                ;
; Iteration limit for constant Verilog loops                                 ; 5000               ; 5000               ;
; Iteration limit for non-constant Verilog loops                             ; 250                ; 250                ;
; Add Pass-Through Logic to Inferred RAMs                                    ; On                 ; On                 ;
; Parallel Synthesis                                                         ; On                 ; On                 ;
; DSP Block Balancing                                                        ; Auto               ; Auto               ;
; NOT Gate Push-Back                                                         ; On                 ; On                 ;
; Power-Up Don't Care                                                        ; On                 ; On                 ;
; Remove Redundant Logic Cells                                               ; Off                ; Off                ;
; Remove Duplicate Registers                                                 ; On                 ; On                 ;
; Ignore CARRY Buffers                                                       ; Off                ; Off                ;
; Ignore CASCADE Buffers                                                     ; Off                ; Off                ;
; Ignore GLOBAL Buffers                                                      ; Off                ; Off                ;
; Ignore ROW GLOBAL Buffers                                                  ; Off                ; Off                ;
; Ignore LCELL Buffers                                                       ; Off                ; Off                ;
; Ignore SOFT Buffers                                                        ; On                 ; On                 ;
; Limit AHDL Integers to 32 Bits                                             ; Off                ; Off                ;
; Optimization Technique                                                     ; Balanced           ; Balanced           ;
; Carry Chain Length                                                         ; 70                 ; 70                 ;
; Auto Carry Chains                                                          ; On                 ; On                 ;
; Auto Open-Drain Pins                                                       ; On                 ; On                 ;
; Perform WYSIWYG Primitive Resynthesis                                      ; Off                ; Off                ;
; Auto ROM Replacement                                                       ; On                 ; On                 ;
; Auto RAM Replacement                                                       ; On                 ; On                 ;
; Auto DSP Block Replacement                                                 ; On                 ; On                 ;
; Auto Shift Register Replacement                                            ; Auto               ; Auto               ;
; Auto Clock Enable Replacement                                              ; On                 ; On                 ;
; Strict RAM Replacement                                                     ; Off                ; Off                ;
; Allow Synchronous Control Signals                                          ; On                 ; On                 ;
; Force Use of Synchronous Clear Signals                                     ; Off                ; Off                ;
; Auto RAM Block Balancing                                                   ; On                 ; On                 ;
; Auto RAM to Logic Cell Conversion                                          ; Off                ; Off                ;
; Auto Resource Sharing                                                      ; Off                ; Off                ;
; Allow Any RAM Size For Recognition                                         ; Off                ; Off                ;
; Allow Any ROM Size For Recognition                                         ; Off                ; Off                ;
; Allow Any Shift Register Size For Recognition                              ; Off                ; Off                ;
; Use LogicLock Constraints during Resource Balancing                        ; On                 ; On                 ;
; Ignore translate_off and synthesis_off directives                          ; Off                ; Off                ;
; Timing-Driven Synthesis                                                    ; On                 ; On                 ;
; Report Parameter Settings                                                  ; On                 ; On                 ;
; Report Source Assignments                                                  ; On                 ; On                 ;
; Report Connectivity Checks                                                 ; On                 ; On                 ;
; Ignore Maximum Fan-Out Assignments                                         ; Off                ; Off                ;
; Synchronization Register Chain Length                                      ; 2                  ; 2                  ;
; PowerPlay Power Optimization                                               ; Normal compilation ; Normal compilation ;
; HDL message level                                                          ; Level2             ; Level2             ;
; Suppress Register Optimization Related Messages                            ; Off                ; Off                ;
; Number of Removed Registers Reported in Synthesis Report                   ; 5000               ; 5000               ;
; Number of Inverted Registers Reported in Synthesis Report                  ; 100                ; 100                ;
; Clock MUX Protection                                                       ; On                 ; On                 ;
; Auto Gated Clock Conversion                                                ; Off                ; Off                ;
; Block Design Naming                                                        ; Auto               ; Auto               ;
; SDC constraint protection                                                  ; Off                ; Off                ;
; Synthesis Effort                                                           ; Auto               ; Auto               ;
; Shift Register Replacement - Allow Asynchronous Clear Signal               ; On                 ; On                 ;
; Analysis & Synthesis Message Level                                         ; Medium             ; Medium             ;
; Disable Register Merging Across Hierarchies                                ; Auto               ; Auto               ;
; Resource Aware Inference For Block RAM                                     ; On                 ; On                 ;
; Synthesis Seed                                                             ; 1                  ; 1                  ;
+----------------------------------------------------------------------------+--------------------+--------------------+


Parallel compilation was disabled, but you have multiple processors available. Enable parallel compilation to reduce compilation time.
+-------------------------------------+
; Parallel Compilation                ;
+----------------------------+--------+
; Processors                 ; Number ;
+----------------------------+--------+
; Number detected on machine ; 4      ;
; Maximum allowed            ; 1      ;
+----------------------------+--------+


+---------------------------------------------------------------------------------------------------------------------------------------+
; Analysis & Synthesis Source Files Read                                                                                                ;
+----------------------------------+-----------------+------------------------------------+---------------------------------------------+
; File Name with User-Entered Path ; Used in Netlist ; File Type                          ; File Name with Absolute Path                ;
+----------------------------------+-----------------+------------------------------------+---------------------------------------------+
; ledctr.v                         ; yes             ; User Verilog HDL File              ; F:/mini_project/AUDIO_FINAL/ledctr.v        ;
; CLOCK_500.v                      ; yes             ; User Verilog HDL File              ; F:/mini_project/AUDIO_FINAL/CLOCK_500.v     ;
; i2c.v                            ; yes             ; User Verilog HDL File              ; F:/mini_project/AUDIO_FINAL/i2c.v           ;
; keytr.v                          ; yes             ; User Verilog HDL File              ; F:/mini_project/AUDIO_FINAL/keytr.v         ;
; AUDIO_FINAL.bdf                  ; yes             ; User Block Diagram/Schematic File  ; F:/mini_project/AUDIO_FINAL/AUDIO_FINAL.bdf ;
+----------------------------------+-----------------+------------------------------------+---------------------------------------------+


+-----------------------------------------------------------------------------+
; Analysis & Synthesis Resource Usage Summary                                 ;
+---------------------------------------------+-------------------------------+
; Resource                                    ; Usage                         ;
+---------------------------------------------+-------------------------------+
; Estimated Total logic elements              ; 101                           ;
;                                             ;                               ;
; Total combinational functions               ; 94                            ;
; Logic element usage by number of LUT inputs ;                               ;
;     -- 4 input functions                    ; 36                            ;
;     -- 3 input functions                    ; 15                            ;
;     -- <=2 input functions                  ; 43                            ;
;                                             ;                               ;
; Logic elements by mode                      ;                               ;
;     -- normal mode                          ; 61                            ;
;     -- arithmetic mode                      ; 33                            ;
;                                             ;                               ;
; Total registers                             ; 63                            ;
;     -- Dedicated logic registers            ; 63                            ;
;     -- I/O registers                        ; 0                             ;
;                                             ;                               ;
; I/O pins                                    ; 15                            ;
; Maximum fan-out node                        ; CLOCK_500:inst|COUNTER_500[9] ;
; Maximum fan-out                             ; 47                            ;
; Total fan-out                               ; 467                           ;
; Average fan-out                             ; 2.48                          ;
+---------------------------------------------+-------------------------------+


+--------------------------------------------------------------------------------------------------------------------------------------------------------------------------------------------------+
; Analysis & Synthesis Resource Utilization by Entity                                                                                                                                              ;
+----------------------------+-------------------+--------------+-------------+------------+--------------+---------+-----------+------+--------------+-----------------------------+--------------+
; Compilation Hierarchy Node ; LC Combinationals ; LC Registers ; Memory Bits ; DSP Blocks ; DSP Elements ; DSP 9x9 ; DSP 18x18 ; Pins ; Virtual Pins ; Full Hierarchy Name         ; Library Name ;
+----------------------------+-------------------+--------------+-------------+------------+--------------+---------+-----------+------+--------------+-----------------------------+--------------+
; |AUDIO_FINAL               ; 94 (0)            ; 63 (0)       ; 0           ; 0          ; 0            ; 0       ; 0         ; 15   ; 0            ; |AUDIO_FINAL                ;              ;
;    |CLOCK_500:inst|        ; 35 (35)           ; 17 (17)      ; 0           ; 0          ; 0            ; 0       ; 0         ; 0    ; 0            ; |AUDIO_FINAL|CLOCK_500:inst ;              ;
;    |i2c:inst2|             ; 34 (34)           ; 21 (21)      ; 0           ; 0          ; 0            ; 0       ; 0         ; 0    ; 0            ; |AUDIO_FINAL|i2c:inst2      ;              ;
;    |keytr:inst3|           ; 25 (25)           ; 23 (23)      ; 0           ; 0          ; 0            ; 0       ; 0         ; 0    ; 0            ; |AUDIO_FINAL|keytr:inst3    ;              ;
;    |ledctr:inst6|          ; 0 (0)             ; 2 (2)        ; 0           ; 0          ; 0            ; 0       ; 0         ; 0    ; 0            ; |AUDIO_FINAL|ledctr:inst6   ;              ;
+----------------------------+-------------------+--------------+-------------+------------+--------------+---------+-----------+------+--------------+-----------------------------+--------------+
Note: For table entries with two numbers listed, the numbers in parentheses indicate the number of resources of the given type used by the specific entity alone. The numbers listed outside of parentheses indicate the total resources of the given type used by the specific entity and all of its sub-entities in the hierarchy.


+---------------------------------------------------------------------------------+
; Registers Removed During Synthesis                                              ;
+----------------------------------------+----------------------------------------+
; Register name                          ; Reason for Removal                     ;
+----------------------------------------+----------------------------------------+
; i2c:inst2|SD[22..23]                   ; Stuck at GND due to stuck port data_in ;
; i2c:inst2|SD[20..21]                   ; Stuck at VCC due to stuck port data_in ;
; i2c:inst2|SD[19]                       ; Stuck at GND due to stuck port data_in ;
; i2c:inst2|SD[18]                       ; Stuck at VCC due to stuck port data_in ;
; i2c:inst2|SD[8,13..17]                 ; Stuck at GND due to stuck port data_in ;
; Total Number of Removed Registers = 12 ;                                        ;
+----------------------------------------+----------------------------------------+


+------------------------------------------------------+
; General Register Statistics                          ;
+----------------------------------------------+-------+
; Statistic                                    ; Value ;
+----------------------------------------------+-------+
; Total registers                              ; 63    ;
; Number of registers using Synchronous Clear  ; 22    ;
; Number of registers using Synchronous Load   ; 0     ;
; Number of registers using Asynchronous Clear ; 7     ;
; Number of registers using Asynchronous Load  ; 0     ;
; Number of registers using Clock Enable       ; 21    ;
; Number of registers using Preset             ; 0     ;
+----------------------------------------------+-------+


+--------------------------------------------------+
; Inverted Register Statistics                     ;
+----------------------------------------+---------+
; Inverted Register                      ; Fan out ;
+----------------------------------------+---------+
; keytr:inst3|flag                       ; 6       ;
; Total number of inverted registers = 1 ;         ;
+----------------------------------------+---------+


+--------------------------------------------------------------------------------------------------------------------------------------------+
; Multiplexer Restructuring Statistics (Restructuring Performed)                                                                             ;
+--------------------+-----------+---------------+----------------------+------------------------+------------+------------------------------+
; Multiplexer Inputs ; Bus Width ; Baseline Area ; Area if Restructured ; Saving if Restructured ; Registered ; Example Multiplexer Output   ;
+--------------------+-----------+---------------+----------------------+------------------------+------------+------------------------------+
; 8:1                ; 2 bits    ; 10 LEs        ; 8 LEs                ; 2 LEs                  ; Yes        ; |AUDIO_FINAL|i2c:inst2|SD[7] ;
+--------------------+-----------+---------------+----------------------+------------------------+------------+------------------------------+


+-------------------------------+
; Analysis & Synthesis Messages ;
+-------------------------------+
Info: *******************************************************************
Info: Running Quartus II Analysis & Synthesis
    Info: Version 10.0 Build 218 06/27/2010 SJ Web Edition
    Info: Processing started: Thu Apr 19 16:17:37 2018
Info: Command: quartus_map --read_settings_files=on --write_settings_files=off AUDIO_FINAL -c AUDIO_FINAL
Info: Found 1 design units, including 1 entities, in source file ledctr.v
    Info: Found entity 1: ledctr
Info: Found 1 design units, including 1 entities, in source file clock_500.v
    Info: Found entity 1: CLOCK_500
Info: Found 1 design units, including 1 entities, in source file i2c.v
    Info: Found entity 1: i2c
Info: Found 1 design units, including 1 entities, in source file keytr.v
    Info: Found entity 1: keytr
Info: Found 1 design units, including 1 entities, in source file audio_final.bdf
    Info: Found entity 1: AUDIO_FINAL
Warning (10236): Verilog HDL Implicit Net warning at keytr.v(63): created implicit net for "falling_edge"
Info: Elaborating entity "AUDIO_FINAL" for the top level hierarchy
Warning: Pin "AUD_ADCDAT" not connected
Warning: Pin "AUD_DACLRCLK" not connected
Warning: Pin "AUD_ADCLRCLK" not connected
Warning: Pin "AUD_BCLK" not connected
Info: Elaborating entity "i2c" for hierarchy "i2c:inst2"
Warning (10230): Verilog HDL assignment warning at i2c.v(45): truncated value with size 32 to match size of target (1)
Warning (10230): Verilog HDL assignment warning at i2c.v(44): truncated value with size 32 to match size of target (1)
Warning (10230): Verilog HDL assignment warning at i2c.v(69): truncated value with size 32 to match size of target (6)
Info: Elaborating entity "CLOCK_500" for hierarchy "CLOCK_500:inst"
Warning (10230): Verilog HDL assignment warning at CLOCK_500.v(37): truncated value with size 32 to match size of target (1)
Warning (10230): Verilog HDL assignment warning at CLOCK_500.v(50): truncated value with size 32 to match size of target (6)
Warning (10230): Verilog HDL assignment warning at CLOCK_500.v(60): truncated value with size 32 to match size of target (7)
Warning (10230): Verilog HDL assignment warning at CLOCK_500.v(99): truncated value with size 32 to match size of target (11)
Warning (10030): Net "vol" at CLOCK_500.v(54) has no driver or initial value, using a default initial value '0'
Info: Elaborating entity "keytr" for hierarchy "keytr:inst3"
Warning (10230): Verilog HDL assignment warning at keytr.v(78): truncated value with size 32 to match size of target (16)
Warning (10034): Output port "counter" at keytr.v(22) has no driver
Warning (10034): Output port "ON" at keytr.v(20) has no driver
Info: Elaborating entity "ledctr" for hierarchy "ledctr:inst6"
Warning: Clock multiplexers are found and protected
    Warning: Found clock multiplexer i2c:inst2|I2C_SCLK~synth
Info: Registers with preset signals will power-up high
Info: DEV_CLRn pin will set, and not reset, register with preset signal due to NOT Gate Push-Back
Info: Timing-Driven Synthesis is running
Info: Generating hard_block partition "hard_block:auto_generated_inst"
Warning: Design contains 4 input pin(s) that do not drive logic
    Warning (15610): No output dependent on input pin "AUD_ADCDAT"
    Warning (15610): No output dependent on input pin "AUD_DACLRCLK"
    Warning (15610): No output dependent on input pin "AUD_ADCLRCLK"
    Warning (15610): No output dependent on input pin "AUD_BCLK"
Info: Implemented 117 device resources after synthesis - the final resource count might be different
    Info: Implemented 9 input pins
    Info: Implemented 5 output pins
    Info: Implemented 1 bidirectional pins
    Info: Implemented 102 logic cells
Info: Quartus II Analysis & Synthesis was successful. 0 errors, 23 warnings
    Info: Peak virtual memory: 249 megabytes
    Info: Processing ended: Thu Apr 19 16:17:46 2018
    Info: Elapsed time: 00:00:09
    Info: Total CPU time (on all processors): 00:00:03


